2025-11-25 11:27:45 | INFO     | api.main:startup_event:62 - Starting U-DRS API server...
2025-11-25 11:27:45 | INFO     | pipeline.inference:__init__:58 - Initializing U-DRS Pipeline on cpu
2025-11-25 11:27:45 | INFO     | pipeline.inference:_load_modules:77 - Loading pipeline modules...
2025-11-25 11:29:25 | INFO     | pipeline.inference:__init__:73 - U-DRS Pipeline initialized successfully
2025-11-25 11:29:25 | INFO     | api.main:startup_event:65 - Pipeline initialized successfully
2025-11-25 11:29:25 | INFO     | api.main:shutdown_event:74 - Shutting down U-DRS API server...
2025-11-25 11:29:32 | INFO     | api.main:startup_event:62 - Starting U-DRS API server...
2025-11-25 11:29:32 | INFO     | pipeline.inference:__init__:58 - Initializing U-DRS Pipeline on cpu
2025-11-25 11:29:32 | INFO     | pipeline.inference:_load_modules:77 - Loading pipeline modules...
2025-11-25 11:29:36 | INFO     | pipeline.inference:__init__:73 - U-DRS Pipeline initialized successfully
2025-11-25 11:29:36 | INFO     | api.main:startup_event:65 - Pipeline initialized successfully
2025-11-25 11:30:03 | INFO     | api.main:shutdown_event:74 - Shutting down U-DRS API server...
2025-11-25 11:30:24 | INFO     | api.main:startup_event:62 - Starting U-DRS API server...
2025-11-25 11:30:24 | INFO     | pipeline.inference:__init__:58 - Initializing U-DRS Pipeline on cpu
2025-11-25 11:30:24 | INFO     | pipeline.inference:_load_modules:77 - Loading pipeline modules...
2025-11-25 11:30:29 | INFO     | pipeline.inference:__init__:73 - U-DRS Pipeline initialized successfully
2025-11-25 11:30:29 | INFO     | api.main:startup_event:65 - Pipeline initialized successfully
2025-11-25 11:30:29 | INFO     | api.main:shutdown_event:74 - Shutting down U-DRS API server...
2025-11-25 11:31:33 | INFO     | api.main:startup_event:62 - Starting U-DRS API server...
2025-11-25 11:31:33 | INFO     | pipeline.inference:__init__:58 - Initializing U-DRS Pipeline on cpu
2025-11-25 11:31:33 | INFO     | pipeline.inference:_load_modules:77 - Loading pipeline modules...
2025-11-25 11:31:38 | INFO     | pipeline.inference:__init__:73 - U-DRS Pipeline initialized successfully
2025-11-25 11:31:38 | INFO     | api.main:startup_event:65 - Pipeline initialized successfully
2025-11-25 11:33:25 | INFO     | api.main:shutdown_event:74 - Shutting down U-DRS API server...
2025-11-25 11:55:27 | INFO     | api.main:startup_event:62 - Starting U-DRS API server...
2025-11-25 11:55:27 | INFO     | pipeline.inference:__init__:58 - Initializing U-DRS Pipeline on cpu
2025-11-25 11:55:27 | INFO     | pipeline.inference:_load_modules:77 - Loading pipeline modules...
2025-11-25 11:55:34 | INFO     | pipeline.inference:__init__:73 - U-DRS Pipeline initialized successfully
2025-11-25 11:55:34 | INFO     | api.main:startup_event:65 - Pipeline initialized successfully
2025-11-25 11:58:14 | INFO     | api.main:shutdown_event:74 - Shutting down U-DRS API server...
2025-11-25 11:58:28 | INFO     | api.main:startup_event:62 - Starting U-DRS API server...
2025-11-25 11:58:28 | INFO     | pipeline.inference:__init__:58 - Initializing U-DRS Pipeline on cpu
2025-11-25 11:58:28 | INFO     | pipeline.inference:_load_modules:77 - Loading pipeline modules...
2025-11-25 11:58:35 | INFO     | pipeline.inference:__init__:73 - U-DRS Pipeline initialized successfully
2025-11-25 11:58:35 | INFO     | api.main:startup_event:65 - Pipeline initialized successfully
2025-11-25 12:02:00 | INFO     | api.main:shutdown_event:74 - Shutting down U-DRS API server...
2025-11-25 12:02:07 | INFO     | api.main:startup_event:62 - Starting U-DRS API server...
2025-11-25 12:02:07 | INFO     | pipeline.inference:__init__:58 - Initializing U-DRS Pipeline on cpu
2025-11-25 12:02:07 | INFO     | pipeline.inference:_load_modules:77 - Loading pipeline modules...
2025-11-25 12:02:11 | INFO     | pipeline.inference:__init__:73 - U-DRS Pipeline initialized successfully
2025-11-25 12:02:11 | INFO     | api.main:startup_event:65 - Pipeline initialized successfully
2025-11-25 12:09:08 | INFO     | api.main:shutdown_event:74 - Shutting down U-DRS API server...
2025-11-25 12:09:26 | INFO     | api.main:startup_event:62 - Starting U-DRS API server...
2025-11-25 12:09:26 | INFO     | pipeline.inference:__init__:58 - Initializing U-DRS Pipeline on cpu
2025-11-25 12:09:26 | INFO     | pipeline.inference:_load_modules:77 - Loading pipeline modules...
2025-11-25 12:09:32 | INFO     | pipeline.inference:__init__:73 - U-DRS Pipeline initialized successfully
2025-11-25 12:09:32 | INFO     | api.main:startup_event:65 - Pipeline initialized successfully
2025-11-25 12:11:04 | INFO     | api.main:shutdown_event:74 - Shutting down U-DRS API server...
